<?xml version="1.0" encoding="UTF-8" ?>
<testsuites errors="0"
            failures="1"
            tests="1">

  <testsuite name="yoodalize"
    errors="0" failures="1" hostname="" id="" package="yoodalize" skipped="0"
    tests="1" time="49.09" timestamp="">
  
    <testcase name="Yoodalize Catergories" classname="yoodalize" time="49.09" assertions="6">

    

    

    

    

      <failure message="Timed out while waiting for element &lt;(//div[@class=&#34;sc-jqCOkK djSgtl sc-gqjmRU fmVgeN&#34;])[4]&gt; to be present for 5000 milliseconds. - expected [0;32m&#34;visible&#34;[0m but got: [0;31m&#34;not found&#34;[0m">    at Object.Yoodalize Catergories (C:\Users\DevMtn\Practice_automation\tests\yoodalize.js:59:10)
    at processTicksAndRejections (internal/process/task_queues.js:93:5)</failure>

    <failure message="    at Object.Yoodalize Catergories (C:\Users\DevMtn\Practice_automation\tests\yoodalize.js:59:10)">    at processTicksAndRejections (internal/process/task_queues.js:93:5)</failure>
    </testcase>
  

  

  
  </testsuite>
</testsuites>
