<?xml version="1.0" encoding="UTF-8" ?>
<testsuites errors="0"
            failures="1"
            tests="1">

  <testsuite name="populatevariables"
    errors="0" failures="1" hostname="" id="" package="populatevariables" skipped="1"
    tests="1" time="5.719" timestamp="">
  
    <testcase name="Selectors" classname="populatevariables" time="5.719" assertions="1">  <failure message="Timed out while waiting for element &lt;.current-weather__location&gt; to be present for 5000 milliseconds. - expected [0;32m&#34;visible&#34;[0m but got: [0;31m&#34;not found&#34;[0m">    at Object.Selectors (C:\Users\DevMtn\Practice_automation\tests\populatevariables.js:14:14)
    at processTicksAndRejections (internal/process/task_queues.js:93:5)</failure>

    <failure message="    at Object.Selectors (C:\Users\DevMtn\Practice_automation\tests\populatevariables.js:14:14)">    at processTicksAndRejections (internal/process/task_queues.js:93:5)</failure>
    </testcase>
  

  

  
    
    <testcase
      name="Test Data" classname="populatevariables">
      <skipped />
    </testcase>
    
  
  </testsuite>
</testsuites>
